<?xml version="1.0" encoding="UTF-8"?>
<testsuite name="ee.taltech.calculator.util.MaxOddCalculatorUtilTest" tests="1" skipped="0" failures="0" errors="0" timestamp="2022-03-17T11:49:44" hostname="DESKTOP-SCTMB3K" time="0.026">
  <properties/>
  <testcase name="MaxOdd result is correct" classname="ee.taltech.calculator.util.MaxOddCalculatorUtilTest" time="0.026"/>
  <system-out><![CDATA[]]></system-out>
  <system-err><![CDATA[]]></system-err>
</testsuite>
